2013/12/02 15:21:26 [error] [exception.CException] exception 'CException' with message 'Property "Category.category_name" is not defined.' in /home/mignix4/public_html/yii-1.1.14.f0fee9/framework/base/CComponent.php:130
Stack trace:
#0 /home/mignix4/public_html/yii-1.1.14.f0fee9/framework/db/ar/CActiveRecord.php(145): CComponent->__get('category_name')
#1 /home/mignix4/public_html/warehouse/protected/views/product/_form.php(117): CActiveRecord->__get('category_name')
#2 /home/mignix4/public_html/yii-1.1.14.f0fee9/framework/web/CBaseController.php(126): require('/home/mignix4/p...')
#3 /home/mignix4/public_html/yii-1.1.14.f0fee9/framework/web/CBaseController.php(95): CBaseController->renderInternal('/home/mignix4/p...', Array, true)
#4 /home/mignix4/public_html/yii-1.1.14.f0fee9/framework/web/CController.php(869): CBaseController->renderFile('/home/mignix4/p...', Array, true)
#5 /home/mignix4/public_html/warehouse/protected/views/product/create.php(18): CController->renderPartial('_form', Array)
#6 /home/mignix4/public_html/yii-1.1.14.f0fee9/framework/web/CBaseController.php(126): require('/home/mignix4/p...')
#7 /home/mignix4/public_html/yii-1.1.14.f0fee9/framework/web/CBaseController.php(95): CBaseController->renderInternal('/home/mignix4/p...', Array, true)
#8 /home/mignix4/public_html/yii-1.1.14.f0fee9/framework/web/CController.php(869): CBaseController->renderFile('/home/mignix4/p...', Array, true)
#9 /home/mignix4/public_html/yii-1.1.14.f0fee9/framework/web/CController.php(782): CController->renderPartial('create', Array, true)
#10 /home/mignix4/public_html/warehouse/protected/controllers/ProductController.php(79): CController->render('create', Array)
#11 /home/mignix4/public_html/yii-1.1.14.f0fee9/framework/web/actions/CInlineAction.php(49): ProductController->actionCreate()
#12 /home/mignix4/public_html/yii-1.1.14.f0fee9/framework/web/CController.php(308): CInlineAction->runWithParams(Array)
#13 /home/mignix4/public_html/yii-1.1.14.f0fee9/framework/web/filters/CFilterChain.php(133): CController->runAction(Object(CInlineAction))
#14 /home/mignix4/public_html/yii-1.1.14.f0fee9/framework/web/filters/CFilter.php(40): CFilterChain->run()
#15 /home/mignix4/public_html/yii-1.1.14.f0fee9/framework/web/CController.php(1145): CFilter->filter(Object(CFilterChain))
#16 /home/mignix4/public_html/yii-1.1.14.f0fee9/framework/web/filters/CInlineFilter.php(58): CController->filterAccessControl(Object(CFilterChain))
#17 /home/mignix4/public_html/yii-1.1.14.f0fee9/framework/web/filters/CFilterChain.php(130): CInlineFilter->filter(Object(CFilterChain))
#18 /home/mignix4/public_html/yii-1.1.14.f0fee9/framework/web/CController.php(291): CFilterChain->run()
#19 /home/mignix4/public_html/yii-1.1.14.f0fee9/framework/web/CController.php(265): CController->runActionWithFilters(Object(CInlineAction), Array)
#20 /home/mignix4/public_html/yii-1.1.14.f0fee9/framework/web/CWebApplication.php(282): CController->run('create')
#21 /home/mignix4/public_html/yii-1.1.14.f0fee9/framework/web/CWebApplication.php(141): CWebApplication->runController('product/create')
#22 /home/mignix4/public_html/yii-1.1.14.f0fee9/framework/base/CApplication.php(180): CWebApplication->processRequest()
#23 /home/mignix4/public_html/warehouse/index.php(13): CApplication->run()
#24 {main}
REQUEST_URI=/warehouse/index.php?r=product/create
---
2013/12/02 15:30:05 [error] [php] Undefined index: chbox (/home/mignix4/public_html/warehouse/protected/controllers/ProductController.php:72)
Stack trace:
#0 /home/mignix4/public_html/yii-1.1.14.f0fee9/framework/web/filters/CFilterChain.php(133): ProductController->runAction()
#1 /home/mignix4/public_html/yii-1.1.14.f0fee9/framework/web/filters/CFilter.php(40): CFilterChain->run()
#2 /home/mignix4/public_html/yii-1.1.14.f0fee9/framework/web/CController.php(1145): CAccessControlFilter->filter()
#3 /home/mignix4/public_html/yii-1.1.14.f0fee9/framework/web/filters/CInlineFilter.php(58): ProductController->filterAccessControl()
#4 /home/mignix4/public_html/yii-1.1.14.f0fee9/framework/web/filters/CFilterChain.php(130): CInlineFilter->filter()
#5 /home/mignix4/public_html/yii-1.1.14.f0fee9/framework/web/CController.php(291): CFilterChain->run()
#6 /home/mignix4/public_html/yii-1.1.14.f0fee9/framework/web/CController.php(265): ProductController->runActionWithFilters()
#7 /home/mignix4/public_html/yii-1.1.14.f0fee9/framework/web/CWebApplication.php(282): ProductController->run()
#8 /home/mignix4/public_html/yii-1.1.14.f0fee9/framework/web/CWebApplication.php(141): CWebApplication->runController()
#9 /home/mignix4/public_html/yii-1.1.14.f0fee9/framework/base/CApplication.php(180): CWebApplication->processRequest()
#10 /home/mignix4/public_html/warehouse/index.php(13): CWebApplication->run()
REQUEST_URI=/warehouse/index.php?r=product/create
in /home/mignix4/public_html/warehouse/protected/controllers/ProductController.php (72)
in /home/mignix4/public_html/warehouse/index.php (13)
2013/12/02 17:17:37 [error] [exception.CHttpException.403] exception 'CHttpException' with message 'You are not authorized to perform this action.' in /home/mignix4/public_html/yii-1.1.14.f0fee9/framework/web/auth/CAccessControlFilter.php:182
Stack trace:
#0 /home/mignix4/public_html/yii-1.1.14.f0fee9/framework/web/auth/CAccessControlFilter.php(145): CAccessControlFilter->accessDenied(Object(CWebUser), 'You are not aut...')
#1 /home/mignix4/public_html/yii-1.1.14.f0fee9/framework/web/filters/CFilter.php(38): CAccessControlFilter->preFilter(Object(CFilterChain))
#2 /home/mignix4/public_html/yii-1.1.14.f0fee9/framework/web/CController.php(1145): CFilter->filter(Object(CFilterChain))
#3 /home/mignix4/public_html/yii-1.1.14.f0fee9/framework/web/filters/CInlineFilter.php(58): CController->filterAccessControl(Object(CFilterChain))
#4 /home/mignix4/public_html/yii-1.1.14.f0fee9/framework/web/filters/CFilterChain.php(130): CInlineFilter->filter(Object(CFilterChain))
#5 /home/mignix4/public_html/yii-1.1.14.f0fee9/framework/web/CController.php(291): CFilterChain->run()
#6 /home/mignix4/public_html/yii-1.1.14.f0fee9/framework/web/CController.php(265): CController->runActionWithFilters(Object(CInlineAction), Array)
#7 /home/mignix4/public_html/yii-1.1.14.f0fee9/framework/web/CWebApplication.php(282): CController->run('admin')
#8 /home/mignix4/public_html/yii-1.1.14.f0fee9/framework/web/CWebApplication.php(141): CWebApplication->runController('user/admin')
#9 /home/mignix4/public_html/yii-1.1.14.f0fee9/framework/base/CApplication.php(180): CWebApplication->processRequest()
#10 /home/mignix4/public_html/warehouse/index.php(13): CApplication->run()
#11 {main}
REQUEST_URI=/warehouse/index.php?r=user/admin
HTTP_REFERER=http://localhost/warehouse/index.php?r=site/login
---
2013/12/11 15:14:24 [error] [exception.CDbException] exception 'CDbException' with message 'CDbConnection failed to open the DB connection: SQLSTATE[HY000] [1045] Access denied for user 'root'@'localhost' (using password: YES)' in C:\wamp\www\yii-1.1.14.f0fee9\framework\db\CDbConnection.php:382
Stack trace:
#0 C:\wamp\www\yii-1.1.14.f0fee9\framework\db\CDbConnection.php(330): CDbConnection->open()
#1 C:\wamp\www\yii-1.1.14.f0fee9\framework\db\CDbConnection.php(308): CDbConnection->setActive(true)
#2 C:\wamp\www\yii-1.1.14.f0fee9\framework\base\CModule.php(387): CDbConnection->init()
#3 C:\wamp\www\yii-1.1.14.f0fee9\framework\base\CApplication.php(450): CModule->getComponent('db')
#4 C:\wamp\www\yii-1.1.14.f0fee9\framework\db\ar\CActiveRecord.php(634): CApplication->getDb()
#5 C:\wamp\www\yii-1.1.14.f0fee9\framework\db\ar\CActiveRecord.php(667): CActiveRecord->getDbConnection()
#6 C:\wamp\www\yii-1.1.14.f0fee9\framework\db\ar\CActiveRecord.php(1595): CActiveRecord->getCommandBuilder()
#7 C:\wamp\www\yii-1.1.14.f0fee9\framework\web\CActiveDataProvider.php(228): CActiveRecord->count(Object(CDbCriteria))
#8 C:\wamp\www\yii-1.1.14.f0fee9\framework\web\CDataProvider.php(224): CActiveDataProvider->calculateTotalItemCount()
#9 C:\wamp\www\yii-1.1.14.f0fee9\framework\web\CActiveDataProvider.php(178): CDataProvider->getTotalItemCount()
#10 C:\wamp\www\yii-1.1.14.f0fee9\framework\web\CDataProvider.php(168): CActiveDataProvider->fetchData()
#11 C:\wamp\www\yii-1.1.14.f0fee9\framework\zii\widgets\CBaseListView.php(111): CDataProvider->getData()
#12 C:\wamp\www\yii-1.1.14.f0fee9\framework\zii\widgets\CListView.php(211): CBaseListView->init()
#13 C:\wamp\www\yii-1.1.14.f0fee9\framework\web\CBaseController.php(147): CListView->init()
#14 C:\wamp\www\yii-1.1.14.f0fee9\framework\web\CBaseController.php(172): CBaseController->createWidget('zii.widgets.CLi...', Array)
#15 C:\wamp\www\warehouse\protected\views\category\index.php(20): CBaseController->widget('zii.widgets.CLi...', Array)
#16 C:\wamp\www\yii-1.1.14.f0fee9\framework\web\CBaseController.php(126): require('C:\wamp\www\war...')
#17 C:\wamp\www\yii-1.1.14.f0fee9\framework\web\CBaseController.php(95): CBaseController->renderInternal('C:\wamp\www\war...', Array, true)
#18 C:\wamp\www\yii-1.1.14.f0fee9\framework\web\CController.php(869): CBaseController->renderFile('C:\wamp\www\war...', Array, true)
#19 C:\wamp\www\yii-1.1.14.f0fee9\framework\web\CController.php(782): CController->renderPartial('index', Array, true)
#20 C:\wamp\www\warehouse\protected\controllers\CategoryController.php(128): CController->render('index', Array)
#21 C:\wamp\www\yii-1.1.14.f0fee9\framework\web\actions\CInlineAction.php(49): CategoryController->actionIndex()
#22 C:\wamp\www\yii-1.1.14.f0fee9\framework\web\CController.php(308): CInlineAction->runWithParams(Array)
#23 C:\wamp\www\yii-1.1.14.f0fee9\framework\web\filters\CFilterChain.php(133): CController->runAction(Object(CInlineAction))
#24 C:\wamp\www\yii-1.1.14.f0fee9\framework\web\filters\CFilter.php(40): CFilterChain->run()
#25 C:\wamp\www\yii-1.1.14.f0fee9\framework\web\CController.php(1145): CFilter->filter(Object(CFilterChain))
#26 C:\wamp\www\yii-1.1.14.f0fee9\framework\web\filters\CInlineFilter.php(58): CController->filterAccessControl(Object(CFilterChain))
#27 C:\wamp\www\yii-1.1.14.f0fee9\framework\web\filters\CFilterChain.php(130): CInlineFilter->filter(Object(CFilterChain))
#28 C:\wamp\www\yii-1.1.14.f0fee9\framework\web\CController.php(291): CFilterChain->run()
#29 C:\wamp\www\yii-1.1.14.f0fee9\framework\web\CController.php(265): CController->runActionWithFilters(Object(CInlineAction), Array)
#30 C:\wamp\www\yii-1.1.14.f0fee9\framework\web\CWebApplication.php(282): CController->run('index')
#31 C:\wamp\www\yii-1.1.14.f0fee9\framework\web\CWebApplication.php(141): CWebApplication->runController('category/index')
#32 C:\wamp\www\yii-1.1.14.f0fee9\framework\base\CApplication.php(180): CWebApplication->processRequest()
#33 C:\wamp\www\warehouse\index.php(13): CApplication->run()
#34 {main}
REQUEST_URI=/warehouse/index.php?r=category/index
HTTP_REFERER=http://localhost/warehouse/index.php?r=site/contact
---
2013/12/11 15:16:53 [error] [exception.CDbException] exception 'CDbException' with message 'CDbConnection failed to open the DB connection: SQLSTATE[HY000] [1045] Access denied for user 'root'@'localhost' (using password: YES)' in C:\wamp\www\yii-1.1.14.f0fee9\framework\db\CDbConnection.php:382
Stack trace:
#0 C:\wamp\www\yii-1.1.14.f0fee9\framework\db\CDbConnection.php(330): CDbConnection->open()
#1 C:\wamp\www\yii-1.1.14.f0fee9\framework\db\CDbConnection.php(308): CDbConnection->setActive(true)
#2 C:\wamp\www\yii-1.1.14.f0fee9\framework\base\CModule.php(387): CDbConnection->init()
#3 C:\wamp\www\yii-1.1.14.f0fee9\framework\base\CApplication.php(450): CModule->getComponent('db')
#4 C:\wamp\www\yii-1.1.14.f0fee9\framework\db\ar\CActiveRecord.php(634): CApplication->getDb()
#5 C:\wamp\www\yii-1.1.14.f0fee9\framework\db\ar\CActiveRecord.php(667): CActiveRecord->getDbConnection()
#6 C:\wamp\www\yii-1.1.14.f0fee9\framework\db\ar\CActiveRecord.php(1595): CActiveRecord->getCommandBuilder()
#7 C:\wamp\www\yii-1.1.14.f0fee9\framework\web\CActiveDataProvider.php(228): CActiveRecord->count(Object(CDbCriteria))
#8 C:\wamp\www\yii-1.1.14.f0fee9\framework\web\CDataProvider.php(224): CActiveDataProvider->calculateTotalItemCount()
#9 C:\wamp\www\yii-1.1.14.f0fee9\framework\web\CActiveDataProvider.php(178): CDataProvider->getTotalItemCount()
#10 C:\wamp\www\yii-1.1.14.f0fee9\framework\web\CDataProvider.php(168): CActiveDataProvider->fetchData()
#11 C:\wamp\www\yii-1.1.14.f0fee9\framework\zii\widgets\CBaseListView.php(111): CDataProvider->getData()
#12 C:\wamp\www\yii-1.1.14.f0fee9\framework\zii\widgets\CListView.php(211): CBaseListView->init()
#13 C:\wamp\www\yii-1.1.14.f0fee9\framework\web\CBaseController.php(147): CListView->init()
#14 C:\wamp\www\yii-1.1.14.f0fee9\framework\web\CBaseController.php(172): CBaseController->createWidget('zii.widgets.CLi...', Array)
#15 C:\wamp\www\warehouse\protected\views\category\index.php(20): CBaseController->widget('zii.widgets.CLi...', Array)
#16 C:\wamp\www\yii-1.1.14.f0fee9\framework\web\CBaseController.php(126): require('C:\wamp\www\war...')
#17 C:\wamp\www\yii-1.1.14.f0fee9\framework\web\CBaseController.php(95): CBaseController->renderInternal('C:\wamp\www\war...', Array, true)
#18 C:\wamp\www\yii-1.1.14.f0fee9\framework\web\CController.php(869): CBaseController->renderFile('C:\wamp\www\war...', Array, true)
#19 C:\wamp\www\yii-1.1.14.f0fee9\framework\web\CController.php(782): CController->renderPartial('index', Array, true)
#20 C:\wamp\www\warehouse\protected\controllers\CategoryController.php(128): CController->render('index', Array)
#21 C:\wamp\www\yii-1.1.14.f0fee9\framework\web\actions\CInlineAction.php(49): CategoryController->actionIndex()
#22 C:\wamp\www\yii-1.1.14.f0fee9\framework\web\CController.php(308): CInlineAction->runWithParams(Array)
#23 C:\wamp\www\yii-1.1.14.f0fee9\framework\web\filters\CFilterChain.php(133): CController->runAction(Object(CInlineAction))
#24 C:\wamp\www\yii-1.1.14.f0fee9\framework\web\filters\CFilter.php(40): CFilterChain->run()
#25 C:\wamp\www\yii-1.1.14.f0fee9\framework\web\CController.php(1145): CFilter->filter(Object(CFilterChain))
#26 C:\wamp\www\yii-1.1.14.f0fee9\framework\web\filters\CInlineFilter.php(58): CController->filterAccessControl(Object(CFilterChain))
#27 C:\wamp\www\yii-1.1.14.f0fee9\framework\web\filters\CFilterChain.php(130): CInlineFilter->filter(Object(CFilterChain))
#28 C:\wamp\www\yii-1.1.14.f0fee9\framework\web\CController.php(291): CFilterChain->run()
#29 C:\wamp\www\yii-1.1.14.f0fee9\framework\web\CController.php(265): CController->runActionWithFilters(Object(CInlineAction), Array)
#30 C:\wamp\www\yii-1.1.14.f0fee9\framework\web\CWebApplication.php(282): CController->run('index')
#31 C:\wamp\www\yii-1.1.14.f0fee9\framework\web\CWebApplication.php(141): CWebApplication->runController('category/index')
#32 C:\wamp\www\yii-1.1.14.f0fee9\framework\base\CApplication.php(180): CWebApplication->processRequest()
#33 C:\wamp\www\warehouse\index.php(13): CApplication->run()
#34 {main}
REQUEST_URI=/warehouse/index.php?r=category/index
---
2013/12/11 15:17:25 [error] [exception.CDbException] exception 'CDbException' with message 'CDbConnection failed to open the DB connection: SQLSTATE[HY000] [1045] Access denied for user 'root'@'localhost' (using password: YES)' in C:\wamp\www\yii-1.1.14.f0fee9\framework\db\CDbConnection.php:382
Stack trace:
#0 C:\wamp\www\yii-1.1.14.f0fee9\framework\db\CDbConnection.php(330): CDbConnection->open()
#1 C:\wamp\www\yii-1.1.14.f0fee9\framework\db\CDbConnection.php(308): CDbConnection->setActive(true)
#2 C:\wamp\www\yii-1.1.14.f0fee9\framework\base\CModule.php(387): CDbConnection->init()
#3 C:\wamp\www\yii-1.1.14.f0fee9\framework\base\CApplication.php(450): CModule->getComponent('db')
#4 C:\wamp\www\yii-1.1.14.f0fee9\framework\db\ar\CActiveRecord.php(634): CApplication->getDb()
#5 C:\wamp\www\yii-1.1.14.f0fee9\framework\db\ar\CActiveRecord.php(667): CActiveRecord->getDbConnection()
#6 C:\wamp\www\yii-1.1.14.f0fee9\framework\db\ar\CActiveRecord.php(1595): CActiveRecord->getCommandBuilder()
#7 C:\wamp\www\yii-1.1.14.f0fee9\framework\web\CActiveDataProvider.php(228): CActiveRecord->count(Object(CDbCriteria))
#8 C:\wamp\www\yii-1.1.14.f0fee9\framework\web\CDataProvider.php(224): CActiveDataProvider->calculateTotalItemCount()
#9 C:\wamp\www\yii-1.1.14.f0fee9\framework\web\CActiveDataProvider.php(178): CDataProvider->getTotalItemCount()
#10 C:\wamp\www\yii-1.1.14.f0fee9\framework\web\CDataProvider.php(168): CActiveDataProvider->fetchData()
#11 C:\wamp\www\yii-1.1.14.f0fee9\framework\zii\widgets\CBaseListView.php(111): CDataProvider->getData()
#12 C:\wamp\www\yii-1.1.14.f0fee9\framework\zii\widgets\CListView.php(211): CBaseListView->init()
#13 C:\wamp\www\yii-1.1.14.f0fee9\framework\web\CBaseController.php(147): CListView->init()
#14 C:\wamp\www\yii-1.1.14.f0fee9\framework\web\CBaseController.php(172): CBaseController->createWidget('zii.widgets.CLi...', Array)
#15 C:\wamp\www\warehouse\protected\views\category\index.php(20): CBaseController->widget('zii.widgets.CLi...', Array)
#16 C:\wamp\www\yii-1.1.14.f0fee9\framework\web\CBaseController.php(126): require('C:\wamp\www\war...')
#17 C:\wamp\www\yii-1.1.14.f0fee9\framework\web\CBaseController.php(95): CBaseController->renderInternal('C:\wamp\www\war...', Array, true)
#18 C:\wamp\www\yii-1.1.14.f0fee9\framework\web\CController.php(869): CBaseController->renderFile('C:\wamp\www\war...', Array, true)
#19 C:\wamp\www\yii-1.1.14.f0fee9\framework\web\CController.php(782): CController->renderPartial('index', Array, true)
#20 C:\wamp\www\warehouse\protected\controllers\CategoryController.php(128): CController->render('index', Array)
#21 C:\wamp\www\yii-1.1.14.f0fee9\framework\web\actions\CInlineAction.php(49): CategoryController->actionIndex()
#22 C:\wamp\www\yii-1.1.14.f0fee9\framework\web\CController.php(308): CInlineAction->runWithParams(Array)
#23 C:\wamp\www\yii-1.1.14.f0fee9\framework\web\filters\CFilterChain.php(133): CController->runAction(Object(CInlineAction))
#24 C:\wamp\www\yii-1.1.14.f0fee9\framework\web\filters\CFilter.php(40): CFilterChain->run()
#25 C:\wamp\www\yii-1.1.14.f0fee9\framework\web\CController.php(1145): CFilter->filter(Object(CFilterChain))
#26 C:\wamp\www\yii-1.1.14.f0fee9\framework\web\filters\CInlineFilter.php(58): CController->filterAccessControl(Object(CFilterChain))
#27 C:\wamp\www\yii-1.1.14.f0fee9\framework\web\filters\CFilterChain.php(130): CInlineFilter->filter(Object(CFilterChain))
#28 C:\wamp\www\yii-1.1.14.f0fee9\framework\web\CController.php(291): CFilterChain->run()
#29 C:\wamp\www\yii-1.1.14.f0fee9\framework\web\CController.php(265): CController->runActionWithFilters(Object(CInlineAction), Array)
#30 C:\wamp\www\yii-1.1.14.f0fee9\framework\web\CWebApplication.php(282): CController->run('index')
#31 C:\wamp\www\yii-1.1.14.f0fee9\framework\web\CWebApplication.php(141): CWebApplication->runController('category/index')
#32 C:\wamp\www\yii-1.1.14.f0fee9\framework\base\CApplication.php(180): CWebApplication->processRequest()
#33 C:\wamp\www\warehouse\index.php(13): CApplication->run()
#34 {main}
REQUEST_URI=/warehouse/index.php?r=category/index
---
2013/12/11 15:36:18 [error] [exception.CHttpException.403] exception 'CHttpException' with message 'You are not authorized to perform this action.' in C:\wamp\www\yii-1.1.14.f0fee9\framework\web\auth\CAccessControlFilter.php:182
Stack trace:
#0 C:\wamp\www\yii-1.1.14.f0fee9\framework\web\auth\CAccessControlFilter.php(145): CAccessControlFilter->accessDenied(Object(CWebUser), 'You are not aut...')
#1 C:\wamp\www\yii-1.1.14.f0fee9\framework\web\filters\CFilter.php(38): CAccessControlFilter->preFilter(Object(CFilterChain))
#2 C:\wamp\www\yii-1.1.14.f0fee9\framework\web\CController.php(1145): CFilter->filter(Object(CFilterChain))
#3 C:\wamp\www\yii-1.1.14.f0fee9\framework\web\filters\CInlineFilter.php(58): CController->filterAccessControl(Object(CFilterChain))
#4 C:\wamp\www\yii-1.1.14.f0fee9\framework\web\filters\CFilterChain.php(130): CInlineFilter->filter(Object(CFilterChain))
#5 C:\wamp\www\yii-1.1.14.f0fee9\framework\web\CController.php(291): CFilterChain->run()
#6 C:\wamp\www\yii-1.1.14.f0fee9\framework\web\CController.php(265): CController->runActionWithFilters(Object(CInlineAction), Array)
#7 C:\wamp\www\yii-1.1.14.f0fee9\framework\web\CWebApplication.php(282): CController->run('admin')
#8 C:\wamp\www\yii-1.1.14.f0fee9\framework\web\CWebApplication.php(141): CWebApplication->runController('product/admin')
#9 C:\wamp\www\yii-1.1.14.f0fee9\framework\base\CApplication.php(180): CWebApplication->processRequest()
#10 C:\wamp\www\warehouse\index.php(13): CApplication->run()
#11 {main}
REQUEST_URI=/warehouse/index.php?r=product/admin
HTTP_REFERER=http://localhost/warehouse/index.php?r=product/create
---
